app/build/outputs/apk/manifest-merger-debug-report.txt
-- Merging decision tree log ---
manifest
ADDED from AndroidManifest.xml:2:1
	package
		ADDED from AndroidManifest.xml:3:5
		INJECTED from AndroidManifest.xml:0:0
		INJECTED from AndroidManifest.xml:0:0
	android:versionName
		INJECTED from AndroidManifest.xml:0:0
		INJECTED from AndroidManifest.xml:0:0
	xmlns:android
		ADDED from AndroidManifest.xml:2:11
	android:versionCode
		INJECTED from AndroidManifest.xml:0:0
		INJECTED from AndroidManifest.xml:0:0
uses-permission#android.permission.BLUETOOTH
ADDED from AndroidManifest.xml:5:5
	android:name
		ADDED from AndroidManifest.xml:5:22
uses-permission#android.permission.BLUETOOTH_ADMIN
ADDED from AndroidManifest.xml:6:5
	android:name
		ADDED from AndroidManifest.xml:6:22
uses-permission#android.permission.INTERNET
ADDED from AndroidManifest.xml:7:5
	android:name
		ADDED from AndroidManifest.xml:7:22
uses-permission#android.permission.READ_CONTACTS
ADDED from AndroidManifest.xml:8:5
	android:name
		ADDED from AndroidManifest.xml:8:22
uses-permission#android.permission.MOUNT_UNMOUNT_FILESYSTEMS
ADDED from AndroidManifest.xml:9:5
	android:name
		ADDED from AndroidManifest.xml:9:22
uses-permission#android.permission.WRITE_EXTERNAL_STORAGE
ADDED from AndroidManifest.xml:10:5
	android:name
		ADDED from AndroidManifest.xml:10:22
uses-permission#android.permission.WRITE_CONTACTS
ADDED from AndroidManifest.xml:13:5
	android:name
		ADDED from AndroidManifest.xml:13:22
uses-permission#android.permission.READ_SMS
ADDED from AndroidManifest.xml:15:5
	android:name
		ADDED from AndroidManifest.xml:15:22
uses-permission#android.permission.WRITE_SMS
ADDED from AndroidManifest.xml:16:5
	android:name
		ADDED from AndroidManifest.xml:16:22
uses-permission#android.permission.READ_PHONE_STATE
ADDED from AndroidManifest.xml:19:5
	android:name
		ADDED from AndroidManifest.xml:19:22
uses-permission#android.permission.ACCESS_COARSE_LOCATION
ADDED from AndroidManifest.xml:20:5
	android:name
		ADDED from AndroidManifest.xml:20:22
uses-permission#android.permission.CALL_PHONE
ADDED from AndroidManifest.xml:23:5
	android:name
		ADDED from AndroidManifest.xml:23:22
uses-permission#android.permission.SEND_SMS
ADDED from AndroidManifest.xml:25:5
	android:name
		ADDED from AndroidManifest.xml:25:22
uses-permission#android.permission.VIBRATE
ADDED from AndroidManifest.xml:28:5
	android:name
		ADDED from AndroidManifest.xml:28:22
uses-permission#android.permission.SET_WALLPAPER
ADDED from AndroidManifest.xml:30:5
	android:name
		ADDED from AndroidManifest.xml:30:22
uses-permission#android.permission.MODIFY_AUDIO_SETTINGS
ADDED from AndroidManifest.xml:33:5
	android:name
		ADDED from AndroidManifest.xml:33:22
uses-permission#android.permission.RECORD_AUDIO
ADDED from AndroidManifest.xml:34:5
	android:name
		ADDED from AndroidManifest.xml:34:22
application
ADDED from AndroidManifest.xml:36:5
	android:label
		ADDED from AndroidManifest.xml:39:9
	android:allowBackup
		ADDED from AndroidManifest.xml:37:9
	android:icon
		ADDED from AndroidManifest.xml:38:9
	android:theme
		ADDED from AndroidManifest.xml:40:9
activity#com.exp.ysy.demo.MyActivity
ADDED from AndroidManifest.xml:41:9
	android:label
		ADDED from AndroidManifest.xml:43:13
	android:name
		ADDED from AndroidManifest.xml:42:13
intent-filter#android.intent.action.MAIN+android.intent.category.LAUNCHER
ADDED from AndroidManifest.xml:44:13
action#android.intent.action.MAIN
ADDED from AndroidManifest.xml:45:17
	android:name
		ADDED from AndroidManifest.xml:45:25
category#android.intent.category.LAUNCHER
ADDED from AndroidManifest.xml:47:17
	android:name
		ADDED from AndroidManifest.xml:47:27
activity#com.exp.ysy.demo.AutoCompleteText_demo
ADDED from AndroidManifest.xml:50:9
	android:label
		ADDED from AndroidManifest.xml:52:13
	android:name
		ADDED from AndroidManifest.xml:51:13
activity#com.exp.ysy.demo.Bluetooth_demo
ADDED from AndroidManifest.xml:53:9
	android:label
		ADDED from AndroidManifest.xml:55:13
	android:name
		ADDED from AndroidManifest.xml:54:13
activity#com.exp.ysy.demo.MarqueeTextview_demo
ADDED from AndroidManifest.xml:56:9
	android:label
		ADDED from AndroidManifest.xml:58:13
	android:name
		ADDED from AndroidManifest.xml:57:13
activity#subclass.MyTab
ADDED from AndroidManifest.xml:59:9
	android:label
		ADDED from AndroidManifest.xml:61:13
	android:name
		ADDED from AndroidManifest.xml:60:13
activity#subclass.WebView_demo
ADDED from AndroidManifest.xml:62:9
	android:label
		ADDED from AndroidManifest.xml:64:13
	android:name
		ADDED from AndroidManifest.xml:63:13
activity#subclass.CustomSeekbar
ADDED from AndroidManifest.xml:65:9
	android:name
		ADDED from AndroidManifest.xml:65:19
activity#subclass.CustomView
ADDED from AndroidManifest.xml:66:9
	android:name
		ADDED from AndroidManifest.xml:66:19
activity#subclass.CustomImageView_Activity
ADDED from AndroidManifest.xml:67:9
	android:name
		ADDED from AndroidManifest.xml:67:19
activity#subclass.CustomProgressbar_Activity
ADDED from AndroidManifest.xml:68:9
	android:name
		ADDED from AndroidManifest.xml:68:19
activity#subclass.CustomVolumControlBar_Activity
ADDED from AndroidManifest.xml:69:9
	android:name
		ADDED from AndroidManifest.xml:69:19
activity#subclass.Fragment_Activity
ADDED from AndroidManifest.xml:70:9
	android:name
		ADDED from AndroidManifest.xml:70:19
activity#subclass.FragmentActivity2
ADDED from AndroidManifest.xml:71:9
	android:name
		ADDED from AndroidManifest.xml:71:19
activity#subclass.Socket_Activity
ADDED from AndroidManifest.xml:72:9
	android:name
		ADDED from AndroidManifest.xml:72:19
activity#subclass.URLTest_Activity
ADDED from AndroidManifest.xml:73:9
	android:name
		ADDED from AndroidManifest.xml:73:19
activity#com.exp.ysy.demo.IntentActivity
ADDED from AndroidManifest.xml:74:9
	android:name
		ADDED from AndroidManifest.xml:74:19
activity#com.in.ComponentAttr
ADDED from AndroidManifest.xml:75:9
	android:name
		ADDED from AndroidManifest.xml:75:19
activity#com.in.ActionAttr
ADDED from AndroidManifest.xml:76:9
	android:name
		ADDED from AndroidManifest.xml:76:19
intent-filter#android.intent.category.DEFAULT+com.ysy.intent.action.CRAZYIT_ACTION+helloworld
ADDED from AndroidManifest.xml:77:13
action#com.ysy.intent.action.CRAZYIT_ACTION
ADDED from AndroidManifest.xml:80:17
	android:name
		ADDED from AndroidManifest.xml:80:25
action#helloworld
ADDED from AndroidManifest.xml:82:17
	android:name
		ADDED from AndroidManifest.xml:82:25
category#android.intent.category.DEFAULT
ADDED from AndroidManifest.xml:84:17
	android:name
		ADDED from AndroidManifest.xml:84:27
activity#com.in.SysAction
ADDED from AndroidManifest.xml:87:9
	android:name
		ADDED from AndroidManifest.xml:87:19
activity#com.in.ActionData
ADDED from AndroidManifest.xml:88:9
	android:name
		ADDED from AndroidManifest.xml:88:19
activity#com.exp.ysy.demo.ResourceActivity
ADDED from AndroidManifest.xml:89:9
	android:name
		ADDED from AndroidManifest.xml:89:19
activity#com.resources.EditSelect
ADDED from AndroidManifest.xml:90:9
	android:name
		ADDED from AndroidManifest.xml:90:19
activity#com.resources.TestForFir
ADDED from AndroidManifest.xml:91:9
	android:name
		ADDED from AndroidManifest.xml:91:19
activity#com.resources.ClipDrawableTest
ADDED from AndroidManifest.xml:92:9
	android:name
		ADDED from AndroidManifest.xml:92:19
activity#com.resources.AnimTest
ADDED from AndroidManifest.xml:93:9
	android:name
		ADDED from AndroidManifest.xml:93:19
activity#com.resources.AnimatorTest
ADDED from AndroidManifest.xml:94:9
	android:name
		ADDED from AndroidManifest.xml:94:19
activity#com.resources.XmlResTest
ADDED from AndroidManifest.xml:95:9
	android:name
		ADDED from AndroidManifest.xml:95:19
activity#com.resources.AlphaImageView_Activity
ADDED from AndroidManifest.xml:96:9
	android:name
		ADDED from AndroidManifest.xml:96:19
activity#com.exp.ysy.demo.ImageActivity
ADDED from AndroidManifest.xml:97:9
	android:name
		ADDED from AndroidManifest.xml:97:19
activity#com.images.BitmapTest
ADDED from AndroidManifest.xml:98:9
	android:name
		ADDED from AndroidManifest.xml:98:19
activity#com.images.MyView_Activity
ADDED from AndroidManifest.xml:99:9
	android:name
		ADDED from AndroidManifest.xml:99:19
activity#com.images.PathTest
ADDED from AndroidManifest.xml:100:9
	android:name
		ADDED from AndroidManifest.xml:100:19
activity#com.images.PathText
ADDED from AndroidManifest.xml:101:9
	android:name
		ADDED from AndroidManifest.xml:101:19
activity#com.images.HandDraw
ADDED from AndroidManifest.xml:102:9
	android:name
		ADDED from AndroidManifest.xml:102:19
activity#com.images.PinBall
ADDED from AndroidManifest.xml:103:9
	android:name
		ADDED from AndroidManifest.xml:103:19
activity#com.images.Matrix_activity
ADDED from AndroidManifest.xml:104:9
	android:name
		ADDED from AndroidManifest.xml:104:19
activity#com.images.MoveBacK
ADDED from AndroidManifest.xml:105:9
	android:name
		ADDED from AndroidManifest.xml:105:19
activity#com.images.WarpTest
ADDED from AndroidManifest.xml:106:9
	android:name
		ADDED from AndroidManifest.xml:106:19
activity#com.images.ShaderView
ADDED from AndroidManifest.xml:107:9
	android:name
		ADDED from AndroidManifest.xml:107:19
activity#com.images.FatPo
ADDED from AndroidManifest.xml:108:9
	android:name
		ADDED from AndroidManifest.xml:108:19
activity#com.images.Blast
ADDED from AndroidManifest.xml:109:9
	android:name
		ADDED from AndroidManifest.xml:109:19
activity#com.images.TweenAnim
ADDED from AndroidManifest.xml:110:9
	android:name
		ADDED from AndroidManifest.xml:110:19
activity#com.images.Butterfly
ADDED from AndroidManifest.xml:111:9
	android:name
		ADDED from AndroidManifest.xml:111:19
activity#com.images.ListviewTween
ADDED from AndroidManifest.xml:112:9
	android:name
		ADDED from AndroidManifest.xml:112:19
activity#com.images.AnimatorTest
ADDED from AndroidManifest.xml:113:9
	android:name
		ADDED from AndroidManifest.xml:113:19
activity#com.images.BouncingBalls
ADDED from AndroidManifest.xml:114:9
	android:name
		ADDED from AndroidManifest.xml:114:19
activity#com.images.SurfaceViewTest
ADDED from AndroidManifest.xml:115:9
	android:name
		ADDED from AndroidManifest.xml:115:19
activity#com.images.ShowWave
ADDED from AndroidManifest.xml:116:9
	android:name
		ADDED from AndroidManifest.xml:116:19
activity#com.exp.ysy.demo.IOActivity
ADDED from AndroidManifest.xml:118:9
	android:name
		ADDED from AndroidManifest.xml:118:19
activity#com.io.SharedPreferenceTest
ADDED from AndroidManifest.xml:119:9
	android:name
		ADDED from AndroidManifest.xml:119:19
activity#com.io.FileTest
ADDED from AndroidManifest.xml:120:9
	android:name
		ADDED from AndroidManifest.xml:120:19
activity#com.io.SDCardTest
ADDED from AndroidManifest.xml:121:9
	android:name
		ADDED from AndroidManifest.xml:121:19
activity#com.io.SDCardFileExplorer
ADDED from AndroidManifest.xml:122:9
	android:name
		ADDED from AndroidManifest.xml:122:19
activity#com.io.DBTest
ADDED from AndroidManifest.xml:123:9
	android:name
		ADDED from AndroidManifest.xml:123:19
activity#com.io.Dict
ADDED from AndroidManifest.xml:124:9
	android:name
		ADDED from AndroidManifest.xml:124:19
activity#com.io.ResultActivity
ADDED from AndroidManifest.xml:125:9
	android:label
		ADDED from AndroidManifest.xml:127:13
	android:theme
		ADDED from AndroidManifest.xml:128:13
	android:name
		ADDED from AndroidManifest.xml:126:13
activity#com.io.GestureTest
ADDED from AndroidManifest.xml:129:9
	android:name
		ADDED from AndroidManifest.xml:129:19
activity#com.io.GestureZoom
ADDED from AndroidManifest.xml:130:9
	android:name
		ADDED from AndroidManifest.xml:130:19
activity#com.io.GestureFlip
ADDED from AndroidManifest.xml:131:9
	android:name
		ADDED from AndroidManifest.xml:131:19
activity#com.io.AddGesture
ADDED from AndroidManifest.xml:132:9
	android:name
		ADDED from AndroidManifest.xml:132:19
activity#com.io.RecogniseGesture
ADDED from AndroidManifest.xml:133:9
	android:name
		ADDED from AndroidManifest.xml:133:19
activity#com.io.Speech
ADDED from AndroidManifest.xml:134:9
	android:name
		ADDED from AndroidManifest.xml:134:19
provider#com.provider.FirstProvider
ADDED from AndroidManifest.xml:137:9
	android:authorities
		ADDED from AndroidManifest.xml:139:13
	android:exported
		ADDED from AndroidManifest.xml:140:13
	android:name
		ADDED from AndroidManifest.xml:138:13
provider#com.provider.DictProvider
ADDED from AndroidManifest.xml:141:9
	android:authorities
		ADDED from AndroidManifest.xml:143:13
	android:exported
		ADDED from AndroidManifest.xml:144:13
	android:name
		ADDED from AndroidManifest.xml:142:13
activity#com.exp.ysy.demo.ProviderActivity
ADDED from AndroidManifest.xml:146:9
	android:name
		ADDED from AndroidManifest.xml:146:19
activity#com.provider.ContactProviderTest
ADDED from AndroidManifest.xml:147:9
	android:name
		ADDED from AndroidManifest.xml:147:19
activity#com.provider.MediaProviderTest
ADDED from AndroidManifest.xml:148:9
	android:name
		ADDED from AndroidManifest.xml:148:19
activity#com.provider.MonitorSms
ADDED from AndroidManifest.xml:149:9
	android:name
		ADDED from AndroidManifest.xml:149:19
activity#com.exp.ysy.demo.ServiceActivity
ADDED from AndroidManifest.xml:152:9
	android:name
		ADDED from AndroidManifest.xml:152:19
service#service.FirstService
ADDED from AndroidManifest.xml:154:9
	android:name
		ADDED from AndroidManifest.xml:154:18
intent-filter#com.exp.ysy.demo.service.FIRST_SERVICE
ADDED from AndroidManifest.xml:155:13
action#com.exp.ysy.demo.service.FIRST_SERVICE
ADDED from AndroidManifest.xml:158:17
	android:name
		ADDED from AndroidManifest.xml:158:25
activity#service.StartServiceTest
ADDED from AndroidManifest.xml:162:9
	android:name
		ADDED from AndroidManifest.xml:162:19
service#service.BindService
ADDED from AndroidManifest.xml:164:9
	android:name
		ADDED from AndroidManifest.xml:164:18
intent-filter#com.exp.ysy.demo.service.BIND_SERVICE
ADDED from AndroidManifest.xml:165:13
action#com.exp.ysy.demo.service.BIND_SERVICE
ADDED from AndroidManifest.xml:166:17
	android:name
		ADDED from AndroidManifest.xml:166:25
activity#service.BindServiceTest
ADDED from AndroidManifest.xml:170:9
	android:name
		ADDED from AndroidManifest.xml:170:19
service#service.MyService
ADDED from AndroidManifest.xml:172:9
	android:name
		ADDED from AndroidManifest.xml:172:18
service#service.MyIntentService
ADDED from AndroidManifest.xml:173:9
	android:name
		ADDED from AndroidManifest.xml:173:18
activity#service.IntentServiceTest
ADDED from AndroidManifest.xml:175:9
	android:name
		ADDED from AndroidManifest.xml:175:19
service#service.AidlService
ADDED from AndroidManifest.xml:177:9
	android:name
		ADDED from AndroidManifest.xml:177:18
intent-filter#com.exp.ysy.demo.aidl.action.AIDL_SERVICE
ADDED from AndroidManifest.xml:178:13
action#com.exp.ysy.demo.aidl.action.AIDL_SERVICE
ADDED from AndroidManifest.xml:179:17
	android:name
		ADDED from AndroidManifest.xml:179:25
service#service.ComplexService
ADDED from AndroidManifest.xml:182:9
	android:name
		ADDED from AndroidManifest.xml:182:18
intent-filter#com.exp.ysy.demo.aidl.action.COMPLEX_SERVICE
ADDED from AndroidManifest.xml:183:13
action#com.exp.ysy.demo.aidl.action.COMPLEX_SERVICE
ADDED from AndroidManifest.xml:184:17
	android:name
		ADDED from AndroidManifest.xml:184:25
activity#service.TelephoneStatus
ADDED from AndroidManifest.xml:188:9
	android:name
		ADDED from AndroidManifest.xml:188:19
activity#service.MonitorPhone
ADDED from AndroidManifest.xml:189:9
	android:name
		ADDED from AndroidManifest.xml:189:19
activity#service.BlockMain
ADDED from AndroidManifest.xml:190:9
	android:name
		ADDED from AndroidManifest.xml:190:19
activity#service.SendSms
ADDED from AndroidManifest.xml:191:9
	android:name
		ADDED from AndroidManifest.xml:191:19
activity#service.GroupSend
ADDED from AndroidManifest.xml:192:9
	android:name
		ADDED from AndroidManifest.xml:192:19
activity#service.AudioTest
ADDED from AndroidManifest.xml:193:9
	android:name
		ADDED from AndroidManifest.xml:193:19
activity#service.VibratorTest
ADDED from AndroidManifest.xml:194:9
	android:name
		ADDED from AndroidManifest.xml:194:19
activity#service.AlarmTest
ADDED from AndroidManifest.xml:195:9
	android:name
		ADDED from AndroidManifest.xml:195:19
activity#service.AlarmActivity
ADDED from AndroidManifest.xml:196:9
	android:name
		ADDED from AndroidManifest.xml:196:19
activity#service.AlarmChange_Wallpaper
ADDED from AndroidManifest.xml:197:9
	android:name
		ADDED from AndroidManifest.xml:197:19
activity#service.BroadcastMain
ADDED from AndroidManifest.xml:198:9
	android:name
		ADDED from AndroidManifest.xml:198:19
receiver#service.MyReciver
ADDED from AndroidManifest.xml:200:9
	android:name
		ADDED from AndroidManifest.xml:200:19
intent-filter#com.exp.ysy.demo.action.YSY_BROADCAST
ADDED from AndroidManifest.xml:201:13
	android:priority
		ADDED from AndroidManifest.xml:201:28
action#com.exp.ysy.demo.action.YSY_BROADCAST
ADDED from AndroidManifest.xml:202:17
	android:name
		ADDED from AndroidManifest.xml:202:25
receiver#service.MyReciver2
ADDED from AndroidManifest.xml:205:9
	android:name
		ADDED from AndroidManifest.xml:205:19
activity#service.SortedBroadcast
ADDED from AndroidManifest.xml:211:9
	android:name
		ADDED from AndroidManifest.xml:211:19
activity#service.MusicBox
ADDED from AndroidManifest.xml:212:9
	android:name
		ADDED from AndroidManifest.xml:212:19
service#service.MusicService
ADDED from AndroidManifest.xml:214:9
	android:name
		ADDED from AndroidManifest.xml:214:18
activity#com.exp.ysy.demo.URLActivity
ADDED from AndroidManifest.xml:217:9
	android:name
		ADDED from AndroidManifest.xml:217:19
activity#com.net.SimpleClient
ADDED from AndroidManifest.xml:218:9
	android:label
		ADDED from AndroidManifest.xml:220:13
	android:name
		ADDED from AndroidManifest.xml:219:13
activity#com.net.MultiThreadClient
ADDED from AndroidManifest.xml:221:9
	android:label
		ADDED from AndroidManifest.xml:223:13
	android:name
		ADDED from AndroidManifest.xml:222:13
activity#com.net.URLTest
ADDED from AndroidManifest.xml:224:9
	android:label
		ADDED from AndroidManifest.xml:226:13
	android:name
		ADDED from AndroidManifest.xml:225:13
activity#com.net.GetPostMain
ADDED from AndroidManifest.xml:227:9
	android:label
		ADDED from AndroidManifest.xml:229:13
	android:name
		ADDED from AndroidManifest.xml:228:13
activity#com.net.MultiThreadDown
ADDED from AndroidManifest.xml:230:9
	android:label
		ADDED from AndroidManifest.xml:232:13
	android:name
		ADDED from AndroidManifest.xml:231:13
activity#com.net.HttpClientTets
ADDED from AndroidManifest.xml:233:9
	android:label
		ADDED from AndroidManifest.xml:235:13
	android:name
		ADDED from AndroidManifest.xml:234:13
activity#com.net.MiniBrowser
ADDED from AndroidManifest.xml:236:9
	android:label
		ADDED from AndroidManifest.xml:238:13
	android:name
		ADDED from AndroidManifest.xml:237:13
activity#com.net.ViewHtml
ADDED from AndroidManifest.xml:239:9
	android:label
		ADDED from AndroidManifest.xml:241:13
	android:name
		ADDED from AndroidManifest.xml:240:13
activity#com.net.JsCallAndroid
ADDED from AndroidManifest.xml:242:9
	android:name
		ADDED from AndroidManifest.xml:242:19
activity#com.net.MyWeather
ADDED from AndroidManifest.xml:243:9
	android:label
		ADDED from AndroidManifest.xml:245:13
	android:name
		ADDED from AndroidManifest.xml:244:13
activity#com.exp.ysy.demo.DesktopActivity
ADDED from AndroidManifest.xml:248:9
	android:name
		ADDED from AndroidManifest.xml:248:19
activity#com.desktop.WallPaperTest
ADDED from AndroidManifest.xml:249:9
	android:name
		ADDED from AndroidManifest.xml:249:19
activity#com.exp.ysy.demo.AudioActivity
ADDED from AndroidManifest.xml:252:9
	android:name
		ADDED from AndroidManifest.xml:252:19
activity#com.audio.MediaPlayerTest
ADDED from AndroidManifest.xml:253:9
	android:name
		ADDED from AndroidManifest.xml:253:19
activity#com.exp.ysy.demo.OpenGLActivity
ADDED from AndroidManifest.xml:256:9
	android:name
		ADDED from AndroidManifest.xml:256:19
activity#com.com.opengl.Polygon
ADDED from AndroidManifest.xml:257:9
	android:name
		ADDED from AndroidManifest.xml:257:19
activity#com.com.opengl.Simple3D
ADDED from AndroidManifest.xml:258:9
	android:name
		ADDED from AndroidManifest.xml:258:19
activity#com.com.opengl.Texture3D
ADDED from AndroidManifest.xml:259:9
	android:name
		ADDED from AndroidManifest.xml:259:19
uses-sdk
INJECTED from AndroidManifest.xml:0:0 reason: use-sdk injection requested
	android:targetSdkVersion
		INJECTED from AndroidManifest.xml:0:0
		INJECTED from AndroidManifest.xml:0:0
	android:minSdkVersion
		INJECTED from AndroidManifest.xml:0:0
		INJECTED from AndroidManifest.xml:0:0